<?xml version="1.0" encoding="UTF-8"?>
<testng-results skipped="0" failed="0" ignored="0" total="1" passed="1">
  <reporter-output>
  </reporter-output>
  <suite name="Default suite" duration-ms="23171" started-at="2020-01-05T00:24:18 GMT-06:00" finished-at="2020-01-05T00:24:41 GMT-06:00">
    <groups>
    </groups>
    <test name="Default test" duration-ms="23171" started-at="2020-01-05T00:24:18 GMT-06:00" finished-at="2020-01-05T00:24:41 GMT-06:00">
      <class name="com.demo.lms.TestCase.HomePageTest">
        <test-method status="PASS" signature="setUp()[pri:0, instance:com.demo.lms.TestCase.HomePageTest@627551fb]" name="setUp" is-config="true" duration-ms="17923" started-at="2020-01-05T00:24:18 GMT-06:00" finished-at="2020-01-05T00:24:36 GMT-06:00">
          <reporter-output>
          </reporter-output>
        </test-method> <!-- setUp -->
        <test-method status="PASS" signature="countLinkTest()[pri:2, instance:com.demo.lms.TestCase.HomePageTest@627551fb]" name="countLinkTest" duration-ms="4721" started-at="2020-01-05T00:24:36 GMT-06:00" finished-at="2020-01-05T00:24:40 GMT-06:00">
          <reporter-output>
          </reporter-output>
        </test-method> <!-- countLinkTest -->
        <test-method status="PASS" signature="closeInstance()[pri:0, instance:com.demo.lms.TestCase.HomePageTest@627551fb]" name="closeInstance" is-config="true" duration-ms="433" started-at="2020-01-05T00:24:40 GMT-06:00" finished-at="2020-01-05T00:24:41 GMT-06:00">
          <reporter-output>
          </reporter-output>
        </test-method> <!-- closeInstance -->
      </class> <!-- com.demo.lms.TestCase.HomePageTest -->
    </test> <!-- Default test -->
  </suite> <!-- Default suite -->
</testng-results>
